<?xml version="1.0" encoding="UTF-8"?>
<!-- Generated by org.testng.reporters.JUnitReportReporter -->
<testsuite skipped="0" hostname="SuryaPC" name="in.srssprojects.keximbank.ParameterExecution" tests="10" failures="0" timestamp="22 Jun 2019 05:25:16 GMT" time="38.487" errors="0">
  <testcase name="loginTest" time="4.237" classname="in.srssprojects.keximbank.ParameterExecution"/>
  <testcase name="loginTest" time="2.630" classname="in.srssprojects.keximbank.ParameterExecution"/>
  <testcase name="roleCreationReset" time="3.155" classname="in.srssprojects.keximbank.ParameterExecution"/>
  <testcase name="roleCreationCancel" time="3.106" classname="in.srssprojects.keximbank.ParameterExecution"/>
  <testcase name="branchCreationResetData" time="4.317" classname="in.srssprojects.keximbank.ParameterExecution"/>
  <testcase name="branchCreationCancel" time="2.824" classname="in.srssprojects.keximbank.ParameterExecution"/>
  <testcase name="employeeCreationWithRestData" time="8.014" classname="in.srssprojects.keximbank.ParameterExecution"/>
  <testcase name="employeeCreationCancel" time="6.900" classname="in.srssprojects.keximbank.ParameterExecution"/>
  <testcase name="logout" time="2.068" classname="in.srssprojects.keximbank.ParameterExecution"/>
  <testcase name="logout" time="1.236" classname="in.srssprojects.keximbank.ParameterExecution"/>
</testsuite> <!-- in.srssprojects.keximbank.ParameterExecution -->
