<?xml version="1.0" encoding="UTF-8"?>
<!-- Generated by org.testng.reporters.JUnitReportReporter -->
<testsuite skipped="0" hostname="SuryaPC" name="in.srssprojects.keximbank.AppTest" tests="4" failures="0" timestamp="21 Jun 2019 03:54:40 GMT" time="0.049" errors="0">
  <testcase name="test6" time="0.030" classname="in.srssprojects.keximbank.AppTest"/>
  <testcase name="test6" time="0.005" classname="in.srssprojects.keximbank.AppTest"/>
  <testcase name="test6" time="0.006" classname="in.srssprojects.keximbank.AppTest"/>
  <testcase name="test6" time="0.008" classname="in.srssprojects.keximbank.AppTest"/>
</testsuite> <!-- in.srssprojects.keximbank.AppTest -->
