<?xml version="1.0" encoding="UTF-8"?>
<!-- Generated by org.testng.reporters.JUnitReportReporter -->
<testsuite skipped="0" hostname="SuryaPC" name="in.srssprojects.keximbank.AppTest1" tests="3" failures="0" timestamp="20 Jun 2019 03:43:50 GMT" time="0.008" errors="0">
  <testcase name="test1" time="0.002" classname="in.srssprojects.keximbank.AppTest1"/>
  <testcase name="test2" time="0.003" classname="in.srssprojects.keximbank.AppTest1"/>
  <testcase name="test3" time="0.003" classname="in.srssprojects.keximbank.AppTest1"/>
</testsuite> <!-- in.srssprojects.keximbank.AppTest1 -->
